Using pre-set license
Built from '2020.3/staging' branch; Version is '2020.3.0f1 (c7b5465681fb) revision 13088070'; Using compiler version '192528614'; Build Type 'Release'
OS: 'Windows 10 Home; OS build 19042.867; Version 2009; 64bit' Language: 'pt' Physical Memory: 8083 MB
BatchMode: 1, IsHumanControllingUs: 0, StartBugReporterOnCrash: 0, Is64bit: 1, IsPro: 0

 COMMAND LINE ARGUMENTS:
C:\Program Files\Unity\Hub\Editor\2019.4.20f1\Editor\Unity.exe
-adb2
-batchMode
-noUpm
-name
AssetImportWorker0
-projectPath
C:/Users/Notebook/Desktop/Projetos Pessoais/Unity Basic
-logFile
Logs/AssetImportWorker0.log
-srvPort
53104
Successfully changed project path to: C:/Users/Notebook/Desktop/Projetos Pessoais/Unity Basic
C:/Users/Notebook/Desktop/Projetos Pessoais/Unity Basic
Using Asset Import Pipeline V2.
Refreshing native plugins compatible for Editor in 47.62 ms, found 1 plugins.
Preloading 0 native plugins for Editor in 0.00 ms.
Initialize engine version: 2020.3.0f1 (c7b5465681fb)
[Subsystems] Discovering subsystems at path C:/Program Files/Unity/Hub/Editor/2019.4.20f1/Editor/Data/Resources/UnitySubsystems
[Subsystems] Discovering subsystems at path C:/Users/Notebook/Desktop/Projetos Pessoais/Unity Basic/Assets
GfxDevice: creating device client; threaded=0
Direct3D:
    Version:  Direct3D 11.0 [level 11.1]
    Renderer: Intel(R) HD Graphics 520 (ID=0x1916)
    Vendor:   
    VRAM:     4041 MB
    Driver:   27.20.100.8681
Initialize mono
Mono path[0] = 'C:/Program Files/Unity/Hub/Editor/2019.4.20f1/Editor/Data/Managed'
Mono path[1] = 'C:/Program Files/Unity/Hub/Editor/2019.4.20f1/Editor/Data/MonoBleedingEdge/lib/mono/unityjit'
Mono config path = 'C:/Program Files/Unity/Hub/Editor/2019.4.20f1/Editor/Data/MonoBleedingEdge/etc'
Using monoOptions --debugger-agent=transport=dt_socket,embedding=1,server=y,suspend=n,address=127.0.0.1:56184
Begin MonoManager ReloadAssembly
Registering precompiled unity dll's ...
Register platform support module: C:/Program Files/Unity/Hub/Editor/2019.4.20f1/Editor/Data/PlaybackEngines/WindowsStandaloneSupport/UnityEditor.WindowsStandalone.Extensions.dll
Registered in 0.002634 seconds.
Native extension for WindowsStandalone target not found
Refreshing native plugins compatible for Editor in 48.60 ms, found 1 plugins.
Preloading 0 native plugins for Editor in 0.00 ms.
Invoked RoslynAnalysisRunner static constructor.
RoslynAnalysisRunner will not be running.
RoslynAnalysisRunner has terminated.
Mono: successfully reloaded assembly
- Completed reload, in  1.447 seconds
Platform modules already initialized, skipping
Registering precompiled user dll's ...
Registered in 0.001790 seconds.
Begin MonoManager ReloadAssembly
Native extension for WindowsStandalone target not found
Refreshing native plugins compatible for Editor in 0.33 ms, found 1 plugins.
Preloading 0 native plugins for Editor in 0.00 ms.
Invoked RoslynAnalysisRunner static constructor.
RoslynAnalysisRunner will not be running.
RoslynAnalysisRunner has terminated.
Mono: successfully reloaded assembly
- Completed reload, in  1.186 seconds
Platform modules already initialized, skipping
========================================================================
Worker process is ready to serve import requests
Launched and connected shader compiler UnityShaderCompiler.exe after 0.07 seconds
Refreshing native plugins compatible for Editor in 0.33 ms, found 1 plugins.
Preloading 0 native plugins for Editor in 0.00 ms.
Unloading 1513 Unused Serialized files (Serialized files now loaded: 0)
System memory in use before: 73.3 MB.
System memory in use after: 73.4 MB.

Unloading 13 unused Assets to reduce memory usage. Loaded Objects now: 1954.
Total: 2.343700 ms (FindLiveObjects: 0.200900 ms CreateObjectMapping: 0.080600 ms MarkObjects: 1.969900 ms  DeleteObjects: 0.090900 ms)

========================================================================
Received Import Request.
  path: Assets/Animation/pumpkinhulk_l_shaw@Standing React Death Backward.fbx
  artifactKey: Guid(5996f2e8d79814941958728c0051939c) Importer(815301076,1909f56bfc062723c751e8b465ee728b)
Start importing Assets/Animation/pumpkinhulk_l_shaw@Standing React Death Backward.fbx using Guid(5996f2e8d79814941958728c0051939c) Importer(815301076,1909f56bfc062723c751e8b465ee728b)  -> (artifact id: 'c4443311cfe2edf82dbee1521dfd436e') in 0.125239 seconds
  Import took 0.129784 seconds .

========================================================================
Received Import Request.
  Time since last request: 12.124391 seconds.
  path: Assets/Animation/pumpkinhulk_l_shaw@Standing React Death Backward.fbx
  artifactKey: Guid(5996f2e8d79814941958728c0051939c) Importer(815301076,1909f56bfc062723c751e8b465ee728b)
Start importing Assets/Animation/pumpkinhulk_l_shaw@Standing React Death Backward.fbx using Guid(5996f2e8d79814941958728c0051939c) Importer(815301076,1909f56bfc062723c751e8b465ee728b)  -> (artifact id: '1b4bf9a1b2f5eaf400e9f0e33bbf2436') in 0.019982 seconds
  Import took 0.049573 seconds .

========================================================================
Received Import Request.
  Time since last request: 45.807003 seconds.
  path: Assets/Animation/pumpkinhulk_l_shaw@Standing React Death Backward.fbx
  artifactKey: Guid(5996f2e8d79814941958728c0051939c) Importer(815301076,1909f56bfc062723c751e8b465ee728b)
Start importing Assets/Animation/pumpkinhulk_l_shaw@Standing React Death Backward.fbx using Guid(5996f2e8d79814941958728c0051939c) Importer(815301076,1909f56bfc062723c751e8b465ee728b)  -> (artifact id: '3b2b11957fa21a90274da4accd1ce48f') in 0.015494 seconds
  Import took 0.097461 seconds .

========================================================================
Received Import Request.
  Time since last request: 0.000908 seconds.
  path: Assets/Animation/pumpkinhulk_l_shaw@Standing React Death Backward.fbx
  artifactKey: Guid(5996f2e8d79814941958728c0051939c) Importer(815301076,1909f56bfc062723c751e8b465ee728b)
Start importing Assets/Animation/pumpkinhulk_l_shaw@Standing React Death Backward.fbx using Guid(5996f2e8d79814941958728c0051939c) Importer(815301076,1909f56bfc062723c751e8b465ee728b)  -> (artifact id: '3b2b11957fa21a90274da4accd1ce48f') in 0.023465 seconds
  Import took 0.029177 seconds .

========================================================================
Received Prepare
Registering precompiled user dll's ...
Registered in 0.001558 seconds.
Begin MonoManager ReloadAssembly
Native extension for WindowsStandalone target not found
Refreshing native plugins compatible for Editor in 0.34 ms, found 1 plugins.
Preloading 0 native plugins for Editor in 0.00 ms.
Invoked RoslynAnalysisRunner static constructor.
RoslynAnalysisRunner will not be running.
RoslynAnalysisRunner has terminated.
Mono: successfully reloaded assembly
- Completed reload, in  1.321 seconds
Platform modules already initialized, skipping
Refreshing native plugins compatible for Editor in 0.87 ms, found 1 plugins.
Preloading 0 native plugins for Editor in 0.00 ms.
Unloading 1475 Unused Serialized files (Serialized files now loaded: 0)
System memory in use before: 70.8 MB.
System memory in use after: 70.9 MB.

Unloading 8 unused Assets to reduce memory usage. Loaded Objects now: 1957.
Total: 2.197500 ms (FindLiveObjects: 0.203200 ms CreateObjectMapping: 0.076600 ms MarkObjects: 1.883200 ms  DeleteObjects: 0.032200 ms)

========================================================================
Received Prepare
Registering precompiled user dll's ...
Registered in 0.001553 seconds.
Begin MonoManager ReloadAssembly
Native extension for WindowsStandalone target not found
Refreshing native plugins compatible for Editor in 0.34 ms, found 1 plugins.
Preloading 0 native plugins for Editor in 0.00 ms.
Invoked RoslynAnalysisRunner static constructor.
RoslynAnalysisRunner will not be running.
RoslynAnalysisRunner has terminated.
Mono: successfully reloaded assembly
- Completed reload, in  1.516 seconds
Platform modules already initialized, skipping
Refreshing native plugins compatible for Editor in 0.37 ms, found 1 plugins.
Preloading 0 native plugins for Editor in 0.00 ms.
Unloading 1475 Unused Serialized files (Serialized files now loaded: 0)
System memory in use before: 70.8 MB.
System memory in use after: 70.9 MB.

Unloading 8 unused Assets to reduce memory usage. Loaded Objects now: 1960.
Total: 3.207700 ms (FindLiveObjects: 0.359300 ms CreateObjectMapping: 0.126900 ms MarkObjects: 2.699100 ms  DeleteObjects: 0.020500 ms)

========================================================================
Received Prepare
Registering precompiled user dll's ...
Registered in 0.001466 seconds.
Begin MonoManager ReloadAssembly
Native extension for WindowsStandalone target not found
Refreshing native plugins compatible for Editor in 0.36 ms, found 1 plugins.
Preloading 0 native plugins for Editor in 0.00 ms.
Invoked RoslynAnalysisRunner static constructor.
RoslynAnalysisRunner will not be running.
RoslynAnalysisRunner has terminated.
Mono: successfully reloaded assembly
- Completed reload, in  1.302 seconds
Platform modules already initialized, skipping
Refreshing native plugins compatible for Editor in 0.38 ms, found 1 plugins.
Preloading 0 native plugins for Editor in 0.00 ms.
Unloading 1475 Unused Serialized files (Serialized files now loaded: 0)
System memory in use before: 70.9 MB.
System memory in use after: 71.0 MB.

Unloading 8 unused Assets to reduce memory usage. Loaded Objects now: 1963.
Total: 2.386000 ms (FindLiveObjects: 0.253600 ms CreateObjectMapping: 0.189500 ms MarkObjects: 1.921700 ms  DeleteObjects: 0.019300 ms)

========================================================================
Received Import Request.
  Time since last request: 2888.782847 seconds.
  path: Assets/Animation/pumpkinhulk_l_shaw@Standing React Death Backward.fbx
  artifactKey: Guid(5996f2e8d79814941958728c0051939c) Importer(815301076,1909f56bfc062723c751e8b465ee728b)
Start importing Assets/Animation/pumpkinhulk_l_shaw@Standing React Death Backward.fbx using Guid(5996f2e8d79814941958728c0051939c) Importer(815301076,1909f56bfc062723c751e8b465ee728b)  -> (artifact id: '2ad6f9b0335ac186b0fa5ea8c3ef6ff9') in 0.046485 seconds
  Import took 0.050151 seconds .

========================================================================
Received Import Request.
  Time since last request: 0.009178 seconds.
  path: Assets/Animation/pumpkinhulk_l_shaw@Standing React Death Backward.fbx
  artifactKey: Guid(5996f2e8d79814941958728c0051939c) Importer(815301076,1909f56bfc062723c751e8b465ee728b)
Start importing Assets/Animation/pumpkinhulk_l_shaw@Standing React Death Backward.fbx using Guid(5996f2e8d79814941958728c0051939c) Importer(815301076,1909f56bfc062723c751e8b465ee728b)  -> (artifact id: '2ad6f9b0335ac186b0fa5ea8c3ef6ff9') in 0.022988 seconds
  Import took 0.026838 seconds .

========================================================================
Received Prepare
Registering precompiled user dll's ...
Registered in 0.002276 seconds.
Begin MonoManager ReloadAssembly
Native extension for WindowsStandalone target not found
Refreshing native plugins compatible for Editor in 0.35 ms, found 1 plugins.
Preloading 0 native plugins for Editor in 0.00 ms.
Invoked RoslynAnalysisRunner static constructor.
RoslynAnalysisRunner will not be running.
RoslynAnalysisRunner has terminated.
Mono: successfully reloaded assembly
- Completed reload, in  1.154 seconds
Platform modules already initialized, skipping
Refreshing native plugins compatible for Editor in 0.34 ms, found 1 plugins.
Preloading 0 native plugins for Editor in 0.00 ms.
Unloading 1475 Unused Serialized files (Serialized files now loaded: 0)
System memory in use before: 70.9 MB.
System memory in use after: 71.0 MB.

Unloading 8 unused Assets to reduce memory usage. Loaded Objects now: 1966.
Total: 2.590000 ms (FindLiveObjects: 0.217500 ms CreateObjectMapping: 0.090700 ms MarkObjects: 2.246100 ms  DeleteObjects: 0.033900 ms)

========================================================================
Received Prepare
Registering precompiled user dll's ...
Registered in 0.001504 seconds.
Begin MonoManager ReloadAssembly
Native extension for WindowsStandalone target not found
Refreshing native plugins compatible for Editor in 0.34 ms, found 1 plugins.
Preloading 0 native plugins for Editor in 0.00 ms.
Invoked RoslynAnalysisRunner static constructor.
RoslynAnalysisRunner will not be running.
RoslynAnalysisRunner has terminated.
Mono: successfully reloaded assembly
- Completed reload, in  1.386 seconds
Platform modules already initialized, skipping
Refreshing native plugins compatible for Editor in 0.35 ms, found 1 plugins.
Preloading 0 native plugins for Editor in 0.00 ms.
Unloading 1475 Unused Serialized files (Serialized files now loaded: 0)
System memory in use before: 70.9 MB.
System memory in use after: 71.0 MB.

Unloading 8 unused Assets to reduce memory usage. Loaded Objects now: 1969.
Total: 3.432400 ms (FindLiveObjects: 0.351200 ms CreateObjectMapping: 0.149600 ms MarkObjects: 2.905200 ms  DeleteObjects: 0.024400 ms)

AssetImportWorkerClient::OnTransportError - code=2 error=End of file
